{"/Users/Edturner/Desktop/cricketscorebook/app.js": {"path":"/Users/Edturner/Desktop/cricketscorebook/app.js","statementMap":{"0":{"start":{"line":1,"column":20},"end":{"line":1,"column":42}},"1":{"start":{"line":2,"column":16},"end":{"line":2,"column":34}},"2":{"start":{"line":3,"column":13},"end":{"line":3,"column":28}},"3":{"start":{"line":4,"column":21},"end":{"line":4,"column":45}},"4":{"start":{"line":5,"column":15},"end":{"line":5,"column":32}},"5":{"start":{"line":6,"column":19},"end":{"line":6,"column":41}},"6":{"start":{"line":7,"column":12},"end":{"line":7,"column":21}},"7":{"start":{"line":9,"column":0},"end":{"line":9,"column":34}},"8":{"start":{"line":11,"column":0},"end":{"line":11,"column":62}},"9":{"start":{"line":12,"column":0},"end":{"line":12,"column":30}},"10":{"start":{"line":14,"column":0},"end":{"line":14,"column":23}},"11":{"start":{"line":15,"column":0},"end":{"line":15,"column":24}},"12":{"start":{"line":16,"column":0},"end":{"line":16,"column":49}},"13":{"start":{"line":19,"column":0},"end":{"line":19,"column":51}},"14":{"start":{"line":21,"column":0},"end":{"line":21,"column":27}},"15":{"start":{"line":23,"column":18},"end":{"line":23,"column":53}},"16":{"start":{"line":24,"column":0},"end":{"line":24,"column":27}},"17":{"start":{"line":29,"column":0},"end":{"line":29,"column":24}},"18":{"start":{"line":30,"column":0},"end":{"line":30,"column":56}},"19":{"start":{"line":32,"column":17},"end":{"line":32,"column":36}},"20":{"start":{"line":34,"column":14},"end":{"line":34,"column":58}},"21":{"start":{"line":35,"column":0},"end":{"line":38,"column":3}},"22":{"start":{"line":41,"column":0},"end":{"line":43,"column":3}},"23":{"start":{"line":42,"column":4},"end":{"line":42,"column":27}},"24":{"start":{"line":45,"column":0},"end":{"line":45,"column":21}}},"fnMap":{"0":{"name":"(anonymous_0)","decl":{"start":{"line":41,"column":8},"end":{"line":41,"column":9}},"loc":{"start":{"line":41,"column":34},"end":{"line":43,"column":1}},"line":41}},"branchMap":{},"s":{"0":1,"1":1,"2":1,"3":1,"4":1,"5":1,"6":1,"7":1,"8":1,"9":1,"10":1,"11":1,"12":1,"13":1,"14":1,"15":1,"16":1,"17":1,"18":1,"19":1,"20":1,"21":1,"22":1,"23":0,"24":1},"f":{"0":0},"b":{},"_coverageSchema":"1a1c01bbd47fc00a2c39e90264f33305004495a9","hash":"682dac666f409a1bb9ccf6e7aa56297a53a4bf02"}
,"/Users/Edturner/Desktop/cricketscorebook/app_api/controllers/matches.js": {"path":"/Users/Edturner/Desktop/cricketscorebook/app_api/controllers/matches.js","statementMap":{"0":{"start":{"line":1,"column":17},"end":{"line":1,"column":36}},"1":{"start":{"line":2,"column":0},"end":{"line":2,"column":32}},"2":{"start":{"line":3,"column":12},"end":{"line":3,"column":35}},"3":{"start":{"line":5,"column":25},"end":{"line":8,"column":1}},"4":{"start":{"line":6,"column":4},"end":{"line":6,"column":23}},"5":{"start":{"line":7,"column":4},"end":{"line":7,"column":22}},"6":{"start":{"line":10,"column":0},"end":{"line":117,"column":2}},"7":{"start":{"line":11,"column":4},"end":{"line":115,"column":9}},"8":{"start":{"line":108,"column":16},"end":{"line":108,"column":50}},"9":{"start":{"line":111,"column":16},"end":{"line":113,"column":17}},"10":{"start":{"line":112,"column":20},"end":{"line":112,"column":52}},"11":{"start":{"line":119,"column":0},"end":{"line":129,"column":2}},"12":{"start":{"line":120,"column":4},"end":{"line":128,"column":7}},"13":{"start":{"line":121,"column":8},"end":{"line":126,"column":9}},"14":{"start":{"line":122,"column":12},"end":{"line":124,"column":15}},"15":{"start":{"line":125,"column":12},"end":{"line":125,"column":19}},"16":{"start":{"line":127,"column":8},"end":{"line":127,"column":42}},"17":{"start":{"line":131,"column":0},"end":{"line":138,"column":2}},"18":{"start":{"line":132,"column":4},"end":{"line":137,"column":11}},"19":{"start":{"line":136,"column":12},"end":{"line":136,"column":48}},"20":{"start":{"line":140,"column":0},"end":{"line":171,"column":2}},"21":{"start":{"line":141,"column":15},"end":{"line":141,"column":34}},"22":{"start":{"line":142,"column":4},"end":{"line":170,"column":11}},"23":{"start":{"line":146,"column":33},"end":{"line":146,"column":35}},"24":{"start":{"line":147,"column":12},"end":{"line":152,"column":13}},"25":{"start":{"line":148,"column":16},"end":{"line":150,"column":19}},"26":{"start":{"line":151,"column":16},"end":{"line":151,"column":23}},"27":{"start":{"line":153,"column":12},"end":{"line":169,"column":13}},"28":{"start":{"line":154,"column":16},"end":{"line":161,"column":17}},"29":{"start":{"line":154,"column":29},"end":{"line":154,"column":30}},"30":{"start":{"line":155,"column":20},"end":{"line":155,"column":57}},"31":{"start":{"line":156,"column":20},"end":{"line":160,"column":21}},"32":{"start":{"line":157,"column":24},"end":{"line":157,"column":57}},"33":{"start":{"line":159,"column":24},"end":{"line":159,"column":58}},"34":{"start":{"line":162,"column":16},"end":{"line":164,"column":19}},"35":{"start":{"line":163,"column":20},"end":{"line":163,"column":63}},"36":{"start":{"line":166,"column":16},"end":{"line":168,"column":19}},"37":{"start":{"line":173,"column":0},"end":{"line":208,"column":2}},"38":{"start":{"line":174,"column":4},"end":{"line":207,"column":11}},"39":{"start":{"line":179,"column":12},"end":{"line":184,"column":13}},"40":{"start":{"line":180,"column":16},"end":{"line":182,"column":19}},"41":{"start":{"line":183,"column":16},"end":{"line":183,"column":23}},"42":{"start":{"line":185,"column":12},"end":{"line":206,"column":13}},"43":{"start":{"line":186,"column":16},"end":{"line":186,"column":79}},"44":{"start":{"line":187,"column":16},"end":{"line":187,"column":67}},"45":{"start":{"line":188,"column":16},"end":{"line":188,"column":67}},"46":{"start":{"line":189,"column":16},"end":{"line":192,"column":17}},"47":{"start":{"line":189,"column":29},"end":{"line":189,"column":30}},"48":{"start":{"line":190,"column":20},"end":{"line":190,"column":53}},"49":{"start":{"line":191,"column":20},"end":{"line":191,"column":52}},"50":{"start":{"line":194,"column":16},"end":{"line":194,"column":48}},"51":{"start":{"line":195,"column":16},"end":{"line":195,"column":47}},"52":{"start":{"line":196,"column":16},"end":{"line":196,"column":42}},"53":{"start":{"line":197,"column":16},"end":{"line":197,"column":42}},"54":{"start":{"line":198,"column":16},"end":{"line":198,"column":42}},"55":{"start":{"line":199,"column":16},"end":{"line":201,"column":19}},"56":{"start":{"line":200,"column":20},"end":{"line":200,"column":54}},"57":{"start":{"line":203,"column":16},"end":{"line":205,"column":19}},"58":{"start":{"line":210,"column":0},"end":{"line":250,"column":2}},"59":{"start":{"line":211,"column":4},"end":{"line":249,"column":11}},"60":{"start":{"line":216,"column":12},"end":{"line":221,"column":13}},"61":{"start":{"line":217,"column":16},"end":{"line":219,"column":19}},"62":{"start":{"line":220,"column":16},"end":{"line":220,"column":23}},"63":{"start":{"line":222,"column":12},"end":{"line":248,"column":13}},"64":{"start":{"line":223,"column":16},"end":{"line":223,"column":79}},"65":{"start":{"line":224,"column":16},"end":{"line":224,"column":67}},"66":{"start":{"line":225,"column":16},"end":{"line":225,"column":67}},"67":{"start":{"line":227,"column":16},"end":{"line":228,"column":77}},"68":{"start":{"line":229,"column":16},"end":{"line":229,"column":44}},"69":{"start":{"line":230,"column":16},"end":{"line":230,"column":49}},"70":{"start":{"line":231,"column":16},"end":{"line":231,"column":69}},"71":{"start":{"line":232,"column":16},"end":{"line":238,"column":17}},"72":{"start":{"line":236,"column":20},"end":{"line":236,"column":52}},"73":{"start":{"line":237,"column":20},"end":{"line":237,"column":45}},"74":{"start":{"line":239,"column":16},"end":{"line":243,"column":19}},"75":{"start":{"line":240,"column":20},"end":{"line":240,"column":43}},"76":{"start":{"line":241,"column":20},"end":{"line":241,"column":71}},"77":{"start":{"line":242,"column":20},"end":{"line":242,"column":54}},"78":{"start":{"line":245,"column":16},"end":{"line":247,"column":19}},"79":{"start":{"line":252,"column":18},"end":{"line":261,"column":1}},"80":{"start":{"line":253,"column":4},"end":{"line":260,"column":11}},"81":{"start":{"line":257,"column":12},"end":{"line":259,"column":13}},"82":{"start":{"line":258,"column":16},"end":{"line":258,"column":34}},"83":{"start":{"line":263,"column":17},"end":{"line":274,"column":1}},"84":{"start":{"line":264,"column":4},"end":{"line":264,"column":23}},"85":{"start":{"line":266,"column":4},"end":{"line":270,"column":5}},"86":{"start":{"line":267,"column":8},"end":{"line":267,"column":31}},"87":{"start":{"line":269,"column":8},"end":{"line":269,"column":31}},"88":{"start":{"line":271,"column":4},"end":{"line":273,"column":7}},"89":{"start":{"line":272,"column":8},"end":{"line":272,"column":66}},"90":{"start":{"line":276,"column":18},"end":{"line":286,"column":1}},"91":{"start":{"line":277,"column":4},"end":{"line":277,"column":70}},"92":{"start":{"line":278,"column":4},"end":{"line":285,"column":11}},"93":{"start":{"line":282,"column":12},"end":{"line":284,"column":13}},"94":{"start":{"line":283,"column":16},"end":{"line":283,"column":46}},"95":{"start":{"line":288,"column":17},"end":{"line":294,"column":1}},"96":{"start":{"line":290,"column":4},"end":{"line":290,"column":30}},"97":{"start":{"line":291,"column":4},"end":{"line":293,"column":7}},"98":{"start":{"line":292,"column":8},"end":{"line":292,"column":55}},"99":{"start":{"line":296,"column":0},"end":{"line":333,"column":2}},"100":{"start":{"line":297,"column":4},"end":{"line":332,"column":11}},"101":{"start":{"line":302,"column":12},"end":{"line":307,"column":13}},"102":{"start":{"line":303,"column":16},"end":{"line":305,"column":19}},"103":{"start":{"line":306,"column":16},"end":{"line":306,"column":23}},"104":{"start":{"line":308,"column":12},"end":{"line":331,"column":13}},"105":{"start":{"line":309,"column":16},"end":{"line":309,"column":73}},"106":{"start":{"line":310,"column":16},"end":{"line":310,"column":73}},"107":{"start":{"line":312,"column":16},"end":{"line":312,"column":46}},"108":{"start":{"line":313,"column":16},"end":{"line":313,"column":41}},"109":{"start":{"line":314,"column":16},"end":{"line":316,"column":17}},"110":{"start":{"line":315,"column":20},"end":{"line":315,"column":48}},"111":{"start":{"line":317,"column":16},"end":{"line":317,"column":45}},"112":{"start":{"line":319,"column":16},"end":{"line":319,"column":45}},"113":{"start":{"line":321,"column":16},"end":{"line":326,"column":19}},"114":{"start":{"line":322,"column":20},"end":{"line":322,"column":50}},"115":{"start":{"line":323,"column":20},"end":{"line":323,"column":52}},"116":{"start":{"line":324,"column":20},"end":{"line":324,"column":43}},"117":{"start":{"line":325,"column":20},"end":{"line":325,"column":54}},"118":{"start":{"line":328,"column":16},"end":{"line":330,"column":19}},"119":{"start":{"line":335,"column":0},"end":{"line":348,"column":2}},"120":{"start":{"line":336,"column":4},"end":{"line":347,"column":11}},"121":{"start":{"line":340,"column":12},"end":{"line":345,"column":13}},"122":{"start":{"line":341,"column":16},"end":{"line":343,"column":19}},"123":{"start":{"line":344,"column":16},"end":{"line":344,"column":23}},"124":{"start":{"line":346,"column":12},"end":{"line":346,"column":48}},"125":{"start":{"line":350,"column":25},"end":{"line":360,"column":1}},"126":{"start":{"line":351,"column":4},"end":{"line":351,"column":50}},"127":{"start":{"line":352,"column":4},"end":{"line":359,"column":11}},"128":{"start":{"line":356,"column":12},"end":{"line":358,"column":13}},"129":{"start":{"line":357,"column":16},"end":{"line":357,"column":36}},"130":{"start":{"line":362,"column":19},"end":{"line":367,"column":1}},"131":{"start":{"line":363,"column":4},"end":{"line":363,"column":23}},"132":{"start":{"line":364,"column":4},"end":{"line":366,"column":7}},"133":{"start":{"line":365,"column":8},"end":{"line":365,"column":59}},"134":{"start":{"line":369,"column":27},"end":{"line":379,"column":1}},"135":{"start":{"line":370,"column":4},"end":{"line":370,"column":50}},"136":{"start":{"line":371,"column":4},"end":{"line":378,"column":11}},"137":{"start":{"line":375,"column":12},"end":{"line":377,"column":13}},"138":{"start":{"line":376,"column":16},"end":{"line":376,"column":42}},"139":{"start":{"line":381,"column":25},"end":{"line":393,"column":1}},"140":{"start":{"line":382,"column":4},"end":{"line":389,"column":5}},"141":{"start":{"line":382,"column":17},"end":{"line":382,"column":18}},"142":{"start":{"line":383,"column":8},"end":{"line":388,"column":9}},"143":{"start":{"line":387,"column":12},"end":{"line":387,"column":48}},"144":{"start":{"line":390,"column":4},"end":{"line":392,"column":7}},"145":{"start":{"line":391,"column":8},"end":{"line":391,"column":47}}},"fnMap":{"0":{"name":"(anonymous_0)","decl":{"start":{"line":5,"column":25},"end":{"line":5,"column":26}},"loc":{"start":{"line":5,"column":57},"end":{"line":8,"column":1}},"line":5},"1":{"name":"(anonymous_1)","decl":{"start":{"line":10,"column":29},"end":{"line":10,"column":30}},"loc":{"start":{"line":10,"column":49},"end":{"line":117,"column":1}},"line":10},"2":{"name":"(anonymous_2)","decl":{"start":{"line":107,"column":12},"end":{"line":107,"column":13}},"loc":{"start":{"line":107,"column":29},"end":{"line":109,"column":13}},"line":107},"3":{"name":"(anonymous_3)","decl":{"start":{"line":110,"column":12},"end":{"line":110,"column":13}},"loc":{"start":{"line":110,"column":27},"end":{"line":114,"column":13}},"line":110},"4":{"name":"(anonymous_4)","decl":{"start":{"line":119,"column":32},"end":{"line":119,"column":33}},"loc":{"start":{"line":119,"column":52},"end":{"line":129,"column":1}},"line":119},"5":{"name":"(anonymous_5)","decl":{"start":{"line":120,"column":44},"end":{"line":120,"column":45}},"loc":{"start":{"line":120,"column":66},"end":{"line":128,"column":5}},"line":120},"6":{"name":"(anonymous_6)","decl":{"start":{"line":131,"column":31},"end":{"line":131,"column":32}},"loc":{"start":{"line":131,"column":51},"end":{"line":138,"column":1}},"line":131},"7":{"name":"(anonymous_7)","decl":{"start":{"line":135,"column":14},"end":{"line":135,"column":15}},"loc":{"start":{"line":135,"column":38},"end":{"line":137,"column":9}},"line":135},"8":{"name":"(anonymous_8)","decl":{"start":{"line":140,"column":38},"end":{"line":140,"column":39}},"loc":{"start":{"line":140,"column":58},"end":{"line":171,"column":1}},"line":140},"9":{"name":"(anonymous_9)","decl":{"start":{"line":145,"column":14},"end":{"line":145,"column":15}},"loc":{"start":{"line":145,"column":36},"end":{"line":170,"column":9}},"line":145},"10":{"name":"(anonymous_10)","decl":{"start":{"line":162,"column":27},"end":{"line":162,"column":28}},"loc":{"start":{"line":162,"column":49},"end":{"line":164,"column":17}},"line":162},"11":{"name":"(anonymous_11)","decl":{"start":{"line":173,"column":38},"end":{"line":173,"column":39}},"loc":{"start":{"line":173,"column":58},"end":{"line":208,"column":1}},"line":173},"12":{"name":"(anonymous_12)","decl":{"start":{"line":177,"column":14},"end":{"line":177,"column":15}},"loc":{"start":{"line":177,"column":36},"end":{"line":207,"column":9}},"line":177},"13":{"name":"(anonymous_13)","decl":{"start":{"line":199,"column":27},"end":{"line":199,"column":28}},"loc":{"start":{"line":199,"column":49},"end":{"line":201,"column":17}},"line":199},"14":{"name":"(anonymous_14)","decl":{"start":{"line":210,"column":29},"end":{"line":210,"column":30}},"loc":{"start":{"line":210,"column":49},"end":{"line":250,"column":1}},"line":210},"15":{"name":"(anonymous_15)","decl":{"start":{"line":214,"column":14},"end":{"line":214,"column":15}},"loc":{"start":{"line":214,"column":36},"end":{"line":249,"column":9}},"line":214},"16":{"name":"(anonymous_16)","decl":{"start":{"line":239,"column":27},"end":{"line":239,"column":28}},"loc":{"start":{"line":239,"column":49},"end":{"line":243,"column":17}},"line":239},"17":{"name":"(anonymous_17)","decl":{"start":{"line":252,"column":18},"end":{"line":252,"column":19}},"loc":{"start":{"line":252,"column":37},"end":{"line":261,"column":1}},"line":252},"18":{"name":"(anonymous_18)","decl":{"start":{"line":256,"column":14},"end":{"line":256,"column":15}},"loc":{"start":{"line":256,"column":36},"end":{"line":260,"column":9}},"line":256},"19":{"name":"(anonymous_19)","decl":{"start":{"line":263,"column":17},"end":{"line":263,"column":18}},"loc":{"start":{"line":263,"column":34},"end":{"line":274,"column":1}},"line":263},"20":{"name":"(anonymous_20)","decl":{"start":{"line":271,"column":15},"end":{"line":271,"column":16}},"loc":{"start":{"line":271,"column":30},"end":{"line":273,"column":5}},"line":271},"21":{"name":"(anonymous_21)","decl":{"start":{"line":276,"column":18},"end":{"line":276,"column":19}},"loc":{"start":{"line":276,"column":49},"end":{"line":286,"column":1}},"line":276},"22":{"name":"(anonymous_22)","decl":{"start":{"line":281,"column":14},"end":{"line":281,"column":15}},"loc":{"start":{"line":281,"column":36},"end":{"line":285,"column":9}},"line":281},"23":{"name":"(anonymous_23)","decl":{"start":{"line":288,"column":17},"end":{"line":288,"column":18}},"loc":{"start":{"line":288,"column":46},"end":{"line":294,"column":1}},"line":288},"24":{"name":"(anonymous_24)","decl":{"start":{"line":291,"column":15},"end":{"line":291,"column":16}},"loc":{"start":{"line":291,"column":30},"end":{"line":293,"column":5}},"line":291},"25":{"name":"(anonymous_25)","decl":{"start":{"line":296,"column":33},"end":{"line":296,"column":34}},"loc":{"start":{"line":296,"column":53},"end":{"line":333,"column":1}},"line":296},"26":{"name":"(anonymous_26)","decl":{"start":{"line":300,"column":14},"end":{"line":300,"column":15}},"loc":{"start":{"line":300,"column":36},"end":{"line":332,"column":9}},"line":300},"27":{"name":"(anonymous_27)","decl":{"start":{"line":321,"column":27},"end":{"line":321,"column":28}},"loc":{"start":{"line":321,"column":49},"end":{"line":326,"column":17}},"line":321},"28":{"name":"(anonymous_28)","decl":{"start":{"line":335,"column":28},"end":{"line":335,"column":29}},"loc":{"start":{"line":335,"column":48},"end":{"line":348,"column":1}},"line":335},"29":{"name":"(anonymous_29)","decl":{"start":{"line":339,"column":14},"end":{"line":339,"column":15}},"loc":{"start":{"line":339,"column":38},"end":{"line":347,"column":9}},"line":339},"30":{"name":"(anonymous_30)","decl":{"start":{"line":350,"column":25},"end":{"line":350,"column":26}},"loc":{"start":{"line":350,"column":44},"end":{"line":360,"column":1}},"line":350},"31":{"name":"(anonymous_31)","decl":{"start":{"line":355,"column":14},"end":{"line":355,"column":15}},"loc":{"start":{"line":355,"column":36},"end":{"line":359,"column":9}},"line":355},"32":{"name":"(anonymous_32)","decl":{"start":{"line":362,"column":19},"end":{"line":362,"column":20}},"loc":{"start":{"line":362,"column":36},"end":{"line":367,"column":1}},"line":362},"33":{"name":"(anonymous_33)","decl":{"start":{"line":364,"column":15},"end":{"line":364,"column":16}},"loc":{"start":{"line":364,"column":30},"end":{"line":366,"column":5}},"line":364},"34":{"name":"(anonymous_34)","decl":{"start":{"line":369,"column":27},"end":{"line":369,"column":28}},"loc":{"start":{"line":369,"column":46},"end":{"line":379,"column":1}},"line":369},"35":{"name":"(anonymous_35)","decl":{"start":{"line":374,"column":14},"end":{"line":374,"column":15}},"loc":{"start":{"line":374,"column":36},"end":{"line":378,"column":9}},"line":374},"36":{"name":"(anonymous_36)","decl":{"start":{"line":381,"column":25},"end":{"line":381,"column":26}},"loc":{"start":{"line":381,"column":42},"end":{"line":393,"column":1}},"line":381},"37":{"name":"(anonymous_37)","decl":{"start":{"line":390,"column":15},"end":{"line":390,"column":16}},"loc":{"start":{"line":390,"column":30},"end":{"line":392,"column":5}},"line":390}},"branchMap":{"0":{"loc":{"start":{"line":111,"column":16},"end":{"line":113,"column":17}},"type":"if","locations":[{"start":{"line":111,"column":16},"end":{"line":113,"column":17}},{"start":{"line":111,"column":16},"end":{"line":113,"column":17}}],"line":111},"1":{"loc":{"start":{"line":121,"column":8},"end":{"line":126,"column":9}},"type":"if","locations":[{"start":{"line":121,"column":8},"end":{"line":126,"column":9}},{"start":{"line":121,"column":8},"end":{"line":126,"column":9}}],"line":121},"2":{"loc":{"start":{"line":147,"column":12},"end":{"line":152,"column":13}},"type":"if","locations":[{"start":{"line":147,"column":12},"end":{"line":152,"column":13}},{"start":{"line":147,"column":12},"end":{"line":152,"column":13}}],"line":147},"3":{"loc":{"start":{"line":153,"column":12},"end":{"line":169,"column":13}},"type":"if","locations":[{"start":{"line":153,"column":12},"end":{"line":169,"column":13}},{"start":{"line":153,"column":12},"end":{"line":169,"column":13}}],"line":153},"4":{"loc":{"start":{"line":153,"column":16},"end":{"line":153,"column":57}},"type":"binary-expr","locations":[{"start":{"line":153,"column":16},"end":{"line":153,"column":29}},{"start":{"line":153,"column":33},"end":{"line":153,"column":57}}],"line":153},"5":{"loc":{"start":{"line":156,"column":20},"end":{"line":160,"column":21}},"type":"if","locations":[{"start":{"line":156,"column":20},"end":{"line":160,"column":21}},{"start":{"line":156,"column":20},"end":{"line":160,"column":21}}],"line":156},"6":{"loc":{"start":{"line":179,"column":12},"end":{"line":184,"column":13}},"type":"if","locations":[{"start":{"line":179,"column":12},"end":{"line":184,"column":13}},{"start":{"line":179,"column":12},"end":{"line":184,"column":13}}],"line":179},"7":{"loc":{"start":{"line":185,"column":12},"end":{"line":206,"column":13}},"type":"if","locations":[{"start":{"line":185,"column":12},"end":{"line":206,"column":13}},{"start":{"line":185,"column":12},"end":{"line":206,"column":13}}],"line":185},"8":{"loc":{"start":{"line":185,"column":16},"end":{"line":185,"column":57}},"type":"binary-expr","locations":[{"start":{"line":185,"column":16},"end":{"line":185,"column":29}},{"start":{"line":185,"column":33},"end":{"line":185,"column":57}}],"line":185},"9":{"loc":{"start":{"line":216,"column":12},"end":{"line":221,"column":13}},"type":"if","locations":[{"start":{"line":216,"column":12},"end":{"line":221,"column":13}},{"start":{"line":216,"column":12},"end":{"line":221,"column":13}}],"line":216},"10":{"loc":{"start":{"line":222,"column":12},"end":{"line":248,"column":13}},"type":"if","locations":[{"start":{"line":222,"column":12},"end":{"line":248,"column":13}},{"start":{"line":222,"column":12},"end":{"line":248,"column":13}}],"line":222},"11":{"loc":{"start":{"line":222,"column":16},"end":{"line":222,"column":57}},"type":"binary-expr","locations":[{"start":{"line":222,"column":16},"end":{"line":222,"column":29}},{"start":{"line":222,"column":33},"end":{"line":222,"column":57}}],"line":222},"12":{"loc":{"start":{"line":232,"column":16},"end":{"line":238,"column":17}},"type":"if","locations":[{"start":{"line":232,"column":16},"end":{"line":238,"column":17}},{"start":{"line":232,"column":16},"end":{"line":238,"column":17}}],"line":232},"13":{"loc":{"start":{"line":233,"column":20},"end":{"line":234,"column":55}},"type":"binary-expr","locations":[{"start":{"line":233,"column":20},"end":{"line":233,"column":51}},{"start":{"line":234,"column":20},"end":{"line":234,"column":55}}],"line":233},"14":{"loc":{"start":{"line":257,"column":12},"end":{"line":259,"column":13}},"type":"if","locations":[{"start":{"line":257,"column":12},"end":{"line":259,"column":13}},{"start":{"line":257,"column":12},"end":{"line":259,"column":13}}],"line":257},"15":{"loc":{"start":{"line":266,"column":4},"end":{"line":270,"column":5}},"type":"if","locations":[{"start":{"line":266,"column":4},"end":{"line":270,"column":5}},{"start":{"line":266,"column":4},"end":{"line":270,"column":5}}],"line":266},"16":{"loc":{"start":{"line":266,"column":8},"end":{"line":266,"column":65}},"type":"binary-expr","locations":[{"start":{"line":266,"column":8},"end":{"line":266,"column":34}},{"start":{"line":266,"column":38},"end":{"line":266,"column":65}}],"line":266},"17":{"loc":{"start":{"line":282,"column":12},"end":{"line":284,"column":13}},"type":"if","locations":[{"start":{"line":282,"column":12},"end":{"line":284,"column":13}},{"start":{"line":282,"column":12},"end":{"line":284,"column":13}}],"line":282},"18":{"loc":{"start":{"line":302,"column":12},"end":{"line":307,"column":13}},"type":"if","locations":[{"start":{"line":302,"column":12},"end":{"line":307,"column":13}},{"start":{"line":302,"column":12},"end":{"line":307,"column":13}}],"line":302},"19":{"loc":{"start":{"line":308,"column":12},"end":{"line":331,"column":13}},"type":"if","locations":[{"start":{"line":308,"column":12},"end":{"line":331,"column":13}},{"start":{"line":308,"column":12},"end":{"line":331,"column":13}}],"line":308},"20":{"loc":{"start":{"line":308,"column":16},"end":{"line":308,"column":57}},"type":"binary-expr","locations":[{"start":{"line":308,"column":16},"end":{"line":308,"column":29}},{"start":{"line":308,"column":33},"end":{"line":308,"column":57}}],"line":308},"21":{"loc":{"start":{"line":314,"column":16},"end":{"line":316,"column":17}},"type":"if","locations":[{"start":{"line":314,"column":16},"end":{"line":316,"column":17}},{"start":{"line":314,"column":16},"end":{"line":316,"column":17}}],"line":314},"22":{"loc":{"start":{"line":340,"column":12},"end":{"line":345,"column":13}},"type":"if","locations":[{"start":{"line":340,"column":12},"end":{"line":345,"column":13}},{"start":{"line":340,"column":12},"end":{"line":345,"column":13}}],"line":340},"23":{"loc":{"start":{"line":356,"column":12},"end":{"line":358,"column":13}},"type":"if","locations":[{"start":{"line":356,"column":12},"end":{"line":358,"column":13}},{"start":{"line":356,"column":12},"end":{"line":358,"column":13}}],"line":356},"24":{"loc":{"start":{"line":375,"column":12},"end":{"line":377,"column":13}},"type":"if","locations":[{"start":{"line":375,"column":12},"end":{"line":377,"column":13}},{"start":{"line":375,"column":12},"end":{"line":377,"column":13}}],"line":375},"25":{"loc":{"start":{"line":383,"column":8},"end":{"line":388,"column":9}},"type":"if","locations":[{"start":{"line":383,"column":8},"end":{"line":388,"column":9}},{"start":{"line":383,"column":8},"end":{"line":388,"column":9}}],"line":383},"26":{"loc":{"start":{"line":384,"column":12},"end":{"line":385,"column":44}},"type":"binary-expr","locations":[{"start":{"line":384,"column":12},"end":{"line":384,"column":45}},{"start":{"line":385,"column":12},"end":{"line":385,"column":44}}],"line":384}},"s":{"0":1,"1":1,"2":1,"3":1,"4":39,"5":39,"6":1,"7":8,"8":1,"9":7,"10":7,"11":1,"12":2,"13":2,"14":1,"15":1,"16":1,"17":1,"18":2,"19":2,"20":1,"21":3,"22":3,"23":3,"24":3,"25":1,"26":1,"27":2,"28":1,"29":1,"30":8,"31":8,"32":4,"33":4,"34":1,"35":1,"36":1,"37":1,"38":3,"39":3,"40":1,"41":1,"42":2,"43":1,"44":1,"45":1,"46":1,"47":1,"48":4,"49":4,"50":1,"51":1,"52":1,"53":1,"54":1,"55":1,"56":1,"57":1,"58":1,"59":8,"60":8,"61":1,"62":1,"63":7,"64":6,"65":6,"66":6,"67":6,"68":6,"69":6,"70":6,"71":6,"72":3,"73":3,"74":6,"75":6,"76":6,"77":6,"78":1,"79":1,"80":7,"81":7,"82":7,"83":1,"84":7,"85":7,"86":0,"87":7,"88":7,"89":7,"90":1,"91":6,"92":6,"93":6,"94":6,"95":1,"96":6,"97":6,"98":6,"99":1,"100":3,"101":3,"102":1,"103":1,"104":2,"105":1,"106":1,"107":1,"108":1,"109":1,"110":1,"111":1,"112":1,"113":1,"114":1,"115":1,"116":1,"117":1,"118":1,"119":1,"120":10,"121":10,"122":1,"123":1,"124":9,"125":1,"126":1,"127":1,"128":1,"129":1,"130":1,"131":1,"132":1,"133":1,"134":1,"135":1,"136":1,"137":1,"138":1,"139":1,"140":1,"141":1,"142":4,"143":1,"144":1,"145":1},"f":{"0":39,"1":8,"2":1,"3":7,"4":2,"5":2,"6":2,"7":2,"8":3,"9":3,"10":1,"11":3,"12":3,"13":1,"14":8,"15":8,"16":6,"17":7,"18":7,"19":7,"20":7,"21":6,"22":6,"23":6,"24":6,"25":3,"26":3,"27":1,"28":10,"29":10,"30":1,"31":1,"32":1,"33":1,"34":1,"35":1,"36":1,"37":1},"b":{"0":[7,0],"1":[1,1],"2":[1,2],"3":[1,1],"4":[2,2],"5":[4,4],"6":[1,2],"7":[1,1],"8":[2,2],"9":[1,7],"10":[6,1],"11":[7,7],"12":[3,3],"13":[6,6],"14":[7,0],"15":[0,7],"16":[7,7],"17":[6,0],"18":[1,2],"19":[1,1],"20":[2,2],"21":[1,0],"22":[1,9],"23":[1,0],"24":[1,0],"25":[1,3],"26":[4,2]},"_coverageSchema":"1a1c01bbd47fc00a2c39e90264f33305004495a9","hash":"12f70b24a9ad8c4c272df35ffa233640e5452c7b"}
,"/Users/Edturner/Desktop/cricketscorebook/app_api/models/MatchModel.js": {"path":"/Users/Edturner/Desktop/cricketscorebook/app_api/models/MatchModel.js","statementMap":{"0":{"start":{"line":1,"column":17},"end":{"line":1,"column":36}},"1":{"start":{"line":3,"column":19},"end":{"line":17,"column":2}},"2":{"start":{"line":19,"column":21},"end":{"line":69,"column":2}},"3":{"start":{"line":71,"column":20},"end":{"line":99,"column":1}},"4":{"start":{"line":101,"column":0},"end":{"line":101,"column":37}}},"fnMap":{},"branchMap":{},"s":{"0":1,"1":1,"2":1,"3":1,"4":1},"f":{},"b":{},"_coverageSchema":"1a1c01bbd47fc00a2c39e90264f33305004495a9","hash":"e4d1526efd1693bfe55a423d70ee4f07f211f3b0"}
,"/Users/Edturner/Desktop/cricketscorebook/app_api/routes/matches.js": {"path":"/Users/Edturner/Desktop/cricketscorebook/app_api/routes/matches.js","statementMap":{"0":{"start":{"line":1,"column":16},"end":{"line":1,"column":34}},"1":{"start":{"line":2,"column":10},"end":{"line":2,"column":19}},"2":{"start":{"line":3,"column":15},"end":{"line":3,"column":31}},"3":{"start":{"line":4,"column":20},"end":{"line":4,"column":53}},"4":{"start":{"line":7,"column":0},"end":{"line":7,"column":54}},"5":{"start":{"line":8,"column":0},"end":{"line":8,"column":49}},"6":{"start":{"line":9,"column":0},"end":{"line":9,"column":60}},"7":{"start":{"line":13,"column":0},"end":{"line":13,"column":64}},"8":{"start":{"line":14,"column":0},"end":{"line":14,"column":110}},"9":{"start":{"line":15,"column":0},"end":{"line":15,"column":76}},"10":{"start":{"line":16,"column":0},"end":{"line":16,"column":115}},"11":{"start":{"line":17,"column":0},"end":{"line":17,"column":95}},"12":{"start":{"line":19,"column":0},"end":{"line":19,"column":24}}},"fnMap":{},"branchMap":{},"s":{"0":1,"1":1,"2":1,"3":1,"4":1,"5":1,"6":1,"7":1,"8":1,"9":1,"10":1,"11":1,"12":1},"f":{},"b":{},"_coverageSchema":"1a1c01bbd47fc00a2c39e90264f33305004495a9","hash":"44789b1bf61b98e04651e0ff6b10ae92bc467209"}
,"/Users/Edturner/Desktop/cricketscorebook/app_server/models/db.js": {"path":"/Users/Edturner/Desktop/cricketscorebook/app_server/models/db.js","statementMap":{"0":{"start":{"line":1,"column":17},"end":{"line":1,"column":36}},"1":{"start":{"line":4,"column":14},"end":{"line":4,"column":58}},"2":{"start":{"line":5,"column":0},"end":{"line":9,"column":6}},"3":{"start":{"line":11,"column":0},"end":{"line":13,"column":3}},"4":{"start":{"line":12,"column":4},"end":{"line":12,"column":51}}},"fnMap":{"0":{"name":"(anonymous_0)","decl":{"start":{"line":11,"column":36},"end":{"line":11,"column":37}},"loc":{"start":{"line":11,"column":48},"end":{"line":13,"column":1}},"line":11}},"branchMap":{},"s":{"0":1,"1":1,"2":1,"3":1,"4":1},"f":{"0":1},"b":{},"_coverageSchema":"1a1c01bbd47fc00a2c39e90264f33305004495a9","hash":"2a949319b616b318891dd0f71922eddfd16ce355"}
}
