TN:
SF:app.js
FN:41,(anonymous_0)
FNF:1
FNH:0
FNDA:0,(anonymous_0)
DA:1,1
DA:2,1
DA:3,1
DA:4,1
DA:5,1
DA:6,1
DA:7,1
DA:9,1
DA:11,1
DA:12,1
DA:14,1
DA:15,1
DA:16,1
DA:19,1
DA:21,1
DA:23,1
DA:24,1
DA:29,1
DA:30,1
DA:32,1
DA:34,1
DA:35,1
DA:41,1
DA:42,0
DA:45,1
LF:25
LH:24
BRF:0
BRH:0
end_of_record
TN:
SF:app_api/controllers/matches.js
FN:5,(anonymous_0)
FN:10,(anonymous_1)
FN:107,(anonymous_2)
FN:110,(anonymous_3)
FN:119,(anonymous_4)
FN:120,(anonymous_5)
FN:131,(anonymous_6)
FN:135,(anonymous_7)
FN:140,(anonymous_8)
FN:145,(anonymous_9)
FN:162,(anonymous_10)
FN:173,(anonymous_11)
FN:177,(anonymous_12)
FN:199,(anonymous_13)
FN:210,(anonymous_14)
FN:214,(anonymous_15)
FN:239,(anonymous_16)
FN:252,(anonymous_17)
FN:256,(anonymous_18)
FN:263,(anonymous_19)
FN:271,(anonymous_20)
FN:276,(anonymous_21)
FN:281,(anonymous_22)
FN:288,(anonymous_23)
FN:291,(anonymous_24)
FN:296,(anonymous_25)
FN:300,(anonymous_26)
FN:321,(anonymous_27)
FN:335,(anonymous_28)
FN:339,(anonymous_29)
FN:350,(anonymous_30)
FN:355,(anonymous_31)
FN:362,(anonymous_32)
FN:364,(anonymous_33)
FN:369,(anonymous_34)
FN:374,(anonymous_35)
FN:381,(anonymous_36)
FN:390,(anonymous_37)
FNF:38
FNH:38
FNDA:39,(anonymous_0)
FNDA:8,(anonymous_1)
FNDA:1,(anonymous_2)
FNDA:7,(anonymous_3)
FNDA:2,(anonymous_4)
FNDA:2,(anonymous_5)
FNDA:2,(anonymous_6)
FNDA:2,(anonymous_7)
FNDA:3,(anonymous_8)
FNDA:3,(anonymous_9)
FNDA:1,(anonymous_10)
FNDA:3,(anonymous_11)
FNDA:3,(anonymous_12)
FNDA:1,(anonymous_13)
FNDA:8,(anonymous_14)
FNDA:8,(anonymous_15)
FNDA:6,(anonymous_16)
FNDA:7,(anonymous_17)
FNDA:7,(anonymous_18)
FNDA:7,(anonymous_19)
FNDA:7,(anonymous_20)
FNDA:6,(anonymous_21)
FNDA:6,(anonymous_22)
FNDA:6,(anonymous_23)
FNDA:6,(anonymous_24)
FNDA:3,(anonymous_25)
FNDA:3,(anonymous_26)
FNDA:1,(anonymous_27)
FNDA:10,(anonymous_28)
FNDA:10,(anonymous_29)
FNDA:1,(anonymous_30)
FNDA:1,(anonymous_31)
FNDA:1,(anonymous_32)
FNDA:1,(anonymous_33)
FNDA:1,(anonymous_34)
FNDA:1,(anonymous_35)
FNDA:1,(anonymous_36)
FNDA:1,(anonymous_37)
DA:1,1
DA:2,1
DA:3,1
DA:5,1
DA:6,39
DA:7,39
DA:10,1
DA:11,8
DA:108,1
DA:111,7
DA:112,7
DA:119,1
DA:120,2
DA:121,2
DA:122,1
DA:125,1
DA:127,1
DA:131,1
DA:132,2
DA:136,2
DA:140,1
DA:141,3
DA:142,3
DA:146,3
DA:147,3
DA:148,1
DA:151,1
DA:153,2
DA:154,1
DA:155,8
DA:156,8
DA:157,4
DA:159,4
DA:162,1
DA:163,1
DA:166,1
DA:173,1
DA:174,3
DA:179,3
DA:180,1
DA:183,1
DA:185,2
DA:186,1
DA:187,1
DA:188,1
DA:189,1
DA:190,4
DA:191,4
DA:194,1
DA:195,1
DA:196,1
DA:197,1
DA:198,1
DA:199,1
DA:200,1
DA:203,1
DA:210,1
DA:211,8
DA:216,8
DA:217,1
DA:220,1
DA:222,7
DA:223,6
DA:224,6
DA:225,6
DA:227,6
DA:229,6
DA:230,6
DA:231,6
DA:232,6
DA:236,3
DA:237,3
DA:239,6
DA:240,6
DA:241,6
DA:242,6
DA:245,1
DA:252,1
DA:253,7
DA:257,7
DA:258,7
DA:263,1
DA:264,7
DA:266,7
DA:267,0
DA:269,7
DA:271,7
DA:272,7
DA:276,1
DA:277,6
DA:278,6
DA:282,6
DA:283,6
DA:288,1
DA:290,6
DA:291,6
DA:292,6
DA:296,1
DA:297,3
DA:302,3
DA:303,1
DA:306,1
DA:308,2
DA:309,1
DA:310,1
DA:312,1
DA:313,1
DA:314,1
DA:315,1
DA:317,1
DA:319,1
DA:321,1
DA:322,1
DA:323,1
DA:324,1
DA:325,1
DA:328,1
DA:335,1
DA:336,10
DA:340,10
DA:341,1
DA:344,1
DA:346,9
DA:350,1
DA:351,1
DA:352,1
DA:356,1
DA:357,1
DA:362,1
DA:363,1
DA:364,1
DA:365,1
DA:369,1
DA:370,1
DA:371,1
DA:375,1
DA:376,1
DA:381,1
DA:382,1
DA:383,4
DA:387,1
DA:390,1
DA:391,1
LF:143
LH:142
BRDA:111,0,0,7
BRDA:111,0,1,0
BRDA:121,1,0,1
BRDA:121,1,1,1
BRDA:147,2,0,1
BRDA:147,2,1,2
BRDA:153,3,0,1
BRDA:153,3,1,1
BRDA:153,4,0,2
BRDA:153,4,1,2
BRDA:156,5,0,4
BRDA:156,5,1,4
BRDA:179,6,0,1
BRDA:179,6,1,2
BRDA:185,7,0,1
BRDA:185,7,1,1
BRDA:185,8,0,2
BRDA:185,8,1,2
BRDA:216,9,0,1
BRDA:216,9,1,7
BRDA:222,10,0,6
BRDA:222,10,1,1
BRDA:222,11,0,7
BRDA:222,11,1,7
BRDA:232,12,0,3
BRDA:232,12,1,3
BRDA:233,13,0,6
BRDA:233,13,1,6
BRDA:257,14,0,7
BRDA:257,14,1,0
BRDA:266,15,0,0
BRDA:266,15,1,7
BRDA:266,16,0,7
BRDA:266,16,1,7
BRDA:282,17,0,6
BRDA:282,17,1,0
BRDA:302,18,0,1
BRDA:302,18,1,2
BRDA:308,19,0,1
BRDA:308,19,1,1
BRDA:308,20,0,2
BRDA:308,20,1,2
BRDA:314,21,0,1
BRDA:314,21,1,0
BRDA:340,22,0,1
BRDA:340,22,1,9
BRDA:356,23,0,1
BRDA:356,23,1,0
BRDA:375,24,0,1
BRDA:375,24,1,0
BRDA:383,25,0,1
BRDA:383,25,1,3
BRDA:384,26,0,4
BRDA:384,26,1,2
BRF:54
BRH:47
end_of_record
TN:
SF:app_api/models/MatchModel.js
FNF:0
FNH:0
DA:1,1
DA:3,1
DA:19,1
DA:71,1
DA:101,1
LF:5
LH:5
BRF:0
BRH:0
end_of_record
TN:
SF:app_api/routes/matches.js
FNF:0
FNH:0
DA:1,1
DA:2,1
DA:3,1
DA:4,1
DA:7,1
DA:8,1
DA:9,1
DA:13,1
DA:14,1
DA:15,1
DA:16,1
DA:17,1
DA:19,1
LF:13
LH:13
BRF:0
BRH:0
end_of_record
TN:
SF:app_server/models/db.js
FN:11,(anonymous_0)
FNF:1
FNH:1
FNDA:1,(anonymous_0)
DA:1,1
DA:4,1
DA:5,1
DA:11,1
DA:12,1
LF:5
LH:5
BRF:0
BRH:0
end_of_record
